Arguments: 
  /usr/local/bin/node /usr/local/Cellar/yarn/1.9.4/libexec/bin/yarn.js install

PATH: 
  /usr/local/bin:/usr/bin:/bin:/usr/sbin:/sbin

Yarn version: 
  1.9.4

Node version: 
  8.12.0

Platform: 
  darwin x64

Trace: 
  SyntaxError: /Users/oscargonzalez/Library/Caches/Yarn/v2/npm-babel-helper-builder-react-jsx-6.26.0-39ff8313b75c8b65dceff1f31d383e0ff2a408a0/.yarn-metadata.json: Unexpected end of JSON input
      at JSON.parse (<anonymous>)
      at /usr/local/Cellar/yarn/1.9.4/libexec/lib/cli.js:1130:59
      at Generator.next (<anonymous>)
      at step (/usr/local/Cellar/yarn/1.9.4/libexec/lib/cli.js:92:30)
      at /usr/local/Cellar/yarn/1.9.4/libexec/lib/cli.js:103:13
      at <anonymous>

npm manifest: 
  {
    "name": "cotd",
    "version": "0.0.3",
    "private": true,
    "devDependencies": {
      "concurrently": "3.5.1",
      "react-scripts": "^1.1.5"
    },
    "dependencies": {
      "autoprefixer-stylus": "0.14.0",
      "firebase": "^4.10.1",
      "prop-types": "^15.6.0",
      "re-base": "3.2.2",
      "react": "^16.3.0-alpha.1",
      "react-dom": "^16.3.0-alpha.1",
      "react-router-dom": "^4.2.2",
      "react-transition-group": "^2.2.1",
      "serve": "^6.5.8",
      "stylus": "0.54.5"
    },
    "scripts": {
      "start": "react-scripts start",
      "watch": "concurrently --names \"webpack, stylus\" --prefix name \"npm run start\" \"npm run styles:watch\"",
      "build": "react-scripts build",
      "eject": "react-scripts eject",
      "styles": "stylus -u autoprefixer-stylus ./src/css/style.styl -o ./src/css/style.css",
      "styles:watch": "stylus -u autoprefixer-stylus -w ./src/css/style.styl -o ./src/css/style.css"
    }
  }

yarn manifest: 
  No manifest

Lockfile: 
  No lockfile
